<?xml version="1.0" encoding="UTF-8"?>
<coverage generated="1676059511884" clover="3.2.0">
  <project timestamp="1676059511884" name="All files">
    <metrics statements="15" coveredstatements="15" conditionals="7" coveredconditionals="6" methods="12" coveredmethods="7" elements="34" coveredelements="28" complexity="0" loc="15" ncloc="15" packages="1" files="3" classes="3"/>
    <file name="gameboard.js" path="/home/stephen/Desktop/Odin Projects/Battleship/src/gameboard.js">
      <metrics statements="5" coveredstatements="5" conditionals="0" coveredconditionals="0" methods="5" coveredmethods="2"/>
      <line num="3" count="1" type="stmt"/>
      <line num="4" count="1" type="stmt"/>
      <line num="8" count="2" type="stmt"/>
      <line num="9" count="20" type="stmt"/>
      <line num="11" count="2" type="stmt"/>
    </file>
    <file name="players.js" path="/home/stephen/Desktop/Odin Projects/Battleship/src/players.js">
      <metrics statements="1" coveredstatements="1" conditionals="0" coveredconditionals="0" methods="3" coveredmethods="1"/>
      <line num="3" count="1" type="stmt"/>
    </file>
    <file name="ships.js" path="/home/stephen/Desktop/Odin Projects/Battleship/src/ships.js">
      <metrics statements="9" coveredstatements="9" conditionals="7" coveredconditionals="6" methods="4" coveredmethods="4"/>
      <line num="3" count="5" type="stmt"/>
      <line num="4" count="5" type="stmt"/>
      <line num="5" count="5" type="stmt"/>
      <line num="6" count="5" type="stmt"/>
      <line num="10" count="9" type="cond" truecount="5" falsecount="0"/>
      <line num="11" count="2" type="stmt"/>
      <line num="13" count="7" type="stmt"/>
      <line num="18" count="3" type="stmt"/>
      <line num="22" count="1" type="cond" truecount="1" falsecount="1"/>
    </file>
  </project>
</coverage>
