{"/home/stephen/Desktop/Odin Projects/Battleship/src/gameboard.js": {"path":"/home/stephen/Desktop/Odin Projects/Battleship/src/gameboard.js","statementMap":{"0":{"start":{"line":3,"column":4},"end":{"line":3,"column":23}},"1":{"start":{"line":4,"column":4},"end":{"line":4,"column":31}},"2":{"start":{"line":8,"column":4},"end":{"line":10,"column":5}},"3":{"start":{"line":8,"column":17},"end":{"line":8,"column":18}},"4":{"start":{"line":9,"column":6},"end":{"line":9,"column":47}},"5":{"start":{"line":11,"column":4},"end":{"line":11,"column":22}}},"fnMap":{"0":{"name":"(anonymous_0)","decl":{"start":{"line":2,"column":2},"end":{"line":2,"column":3}},"loc":{"start":{"line":2,"column":21},"end":{"line":5,"column":3}},"line":2},"1":{"name":"(anonymous_1)","decl":{"start":{"line":7,"column":2},"end":{"line":7,"column":3}},"loc":{"start":{"line":7,"column":18},"end":{"line":12,"column":3}},"line":7},"2":{"name":"(anonymous_2)","decl":{"start":{"line":14,"column":2},"end":{"line":14,"column":3}},"loc":{"start":{"line":14,"column":14},"end":{"line":16,"column":3}},"line":14},"3":{"name":"(anonymous_3)","decl":{"start":{"line":18,"column":2},"end":{"line":18,"column":3}},"loc":{"start":{"line":18,"column":18},"end":{"line":21,"column":3}},"line":18},"4":{"name":"(anonymous_4)","decl":{"start":{"line":23,"column":2},"end":{"line":23,"column":3}},"loc":{"start":{"line":23,"column":13},"end":{"line":26,"column":3}},"line":23}},"branchMap":{},"s":{"0":1,"1":1,"2":2,"3":2,"4":20,"5":2},"f":{"0":1,"1":2,"2":0,"3":0,"4":0},"b":{},"_coverageSchema":"1a1c01bbd47fc00a2c39e90264f33305004495a9","hash":"8a29f9803dd21d7243428cc5b2b10028323a0098"}
,"/home/stephen/Desktop/Odin Projects/Battleship/src/players.js": {"path":"/home/stephen/Desktop/Odin Projects/Battleship/src/players.js","statementMap":{"0":{"start":{"line":3,"column":4},"end":{"line":3,"column":21}}},"fnMap":{"0":{"name":"(anonymous_0)","decl":{"start":{"line":2,"column":2},"end":{"line":2,"column":3}},"loc":{"start":{"line":2,"column":20},"end":{"line":4,"column":3}},"line":2},"1":{"name":"(anonymous_1)","decl":{"start":{"line":6,"column":2},"end":{"line":6,"column":3}},"loc":{"start":{"line":6,"column":16},"end":{"line":8,"column":3}},"line":6},"2":{"name":"(anonymous_2)","decl":{"start":{"line":10,"column":2},"end":{"line":10,"column":3}},"loc":{"start":{"line":10,"column":19},"end":{"line":12,"column":3}},"line":10}},"branchMap":{},"s":{"0":1},"f":{"0":1,"1":0,"2":0},"b":{},"_coverageSchema":"1a1c01bbd47fc00a2c39e90264f33305004495a9","hash":"dd1943b5de42a11e65b16b88c02cb32695b85ea2"}
,"/home/stephen/Desktop/Odin Projects/Battleship/src/ships.js": {"path":"/home/stephen/Desktop/Odin Projects/Battleship/src/ships.js","statementMap":{"0":{"start":{"line":3,"column":4},"end":{"line":3,"column":21}},"1":{"start":{"line":4,"column":4},"end":{"line":4,"column":25}},"2":{"start":{"line":5,"column":4},"end":{"line":5,"column":36}},"3":{"start":{"line":6,"column":4},"end":{"line":6,"column":19}},"4":{"start":{"line":10,"column":4},"end":{"line":14,"column":5}},"5":{"start":{"line":11,"column":6},"end":{"line":11,"column":13}},"6":{"start":{"line":13,"column":6},"end":{"line":13,"column":28}},"7":{"start":{"line":18,"column":4},"end":{"line":18,"column":44}},"8":{"start":{"line":22,"column":4},"end":{"line":24,"column":42}}},"fnMap":{"0":{"name":"(anonymous_0)","decl":{"start":{"line":2,"column":2},"end":{"line":2,"column":3}},"loc":{"start":{"line":2,"column":28},"end":{"line":7,"column":3}},"line":2},"1":{"name":"(anonymous_1)","decl":{"start":{"line":9,"column":2},"end":{"line":9,"column":3}},"loc":{"start":{"line":9,"column":13},"end":{"line":15,"column":3}},"line":9},"2":{"name":"(anonymous_2)","decl":{"start":{"line":17,"column":2},"end":{"line":17,"column":3}},"loc":{"start":{"line":17,"column":11},"end":{"line":19,"column":3}},"line":17},"3":{"name":"(anonymous_3)","decl":{"start":{"line":21,"column":2},"end":{"line":21,"column":3}},"loc":{"start":{"line":21,"column":22},"end":{"line":25,"column":3}},"line":21}},"branchMap":{"0":{"loc":{"start":{"line":10,"column":4},"end":{"line":14,"column":5}},"type":"if","locations":[{"start":{"line":10,"column":4},"end":{"line":14,"column":5}},{"start":{"line":12,"column":11},"end":{"line":14,"column":5}}],"line":10},"1":{"loc":{"start":{"line":10,"column":8},"end":{"line":10,"column":70}},"type":"binary-expr","locations":[{"start":{"line":10,"column":8},"end":{"line":10,"column":33}},{"start":{"line":10,"column":37},"end":{"line":10,"column":46}},{"start":{"line":10,"column":50},"end":{"line":10,"column":70}}],"line":10},"2":{"loc":{"start":{"line":22,"column":11},"end":{"line":24,"column":41}},"type":"cond-expr","locations":[{"start":{"line":23,"column":9},"end":{"line":23,"column":38}},{"start":{"line":24,"column":9},"end":{"line":24,"column":40}}],"line":22}},"s":{"0":5,"1":5,"2":5,"3":5,"4":9,"5":2,"6":7,"7":3,"8":1},"f":{"0":5,"1":9,"2":3,"3":1},"b":{"0":[2,7],"1":[9,8,8],"2":[1,0]},"_coverageSchema":"1a1c01bbd47fc00a2c39e90264f33305004495a9","hash":"693d3f8bdaca21dc9b1d78b9dbca609fba0ab22a"}
}
