{"/home/stephen/Desktop/Odin Projects/Battleship/src/gameboard.js": {"path":"/home/stephen/Desktop/Odin Projects/Battleship/src/gameboard.js","statementMap":{"0":{"start":{"line":3,"column":4},"end":{"line":3,"column":23}},"1":{"start":{"line":4,"column":4},"end":{"line":4,"column":20}},"2":{"start":{"line":5,"column":4},"end":{"line":5,"column":20}},"3":{"start":{"line":6,"column":4},"end":{"line":6,"column":21}},"4":{"start":{"line":7,"column":4},"end":{"line":7,"column":23}},"5":{"start":{"line":11,"column":4},"end":{"line":13,"column":5}},"6":{"start":{"line":11,"column":17},"end":{"line":11,"column":18}},"7":{"start":{"line":12,"column":6},"end":{"line":12,"column":47}},"8":{"start":{"line":14,"column":4},"end":{"line":14,"column":22}},"9":{"start":{"line":18,"column":4},"end":{"line":23,"column":5}},"10":{"start":{"line":19,"column":6},"end":{"line":19,"column":13}},"11":{"start":{"line":21,"column":6},"end":{"line":21,"column":29}},"12":{"start":{"line":22,"column":6},"end":{"line":22,"column":28}},"13":{"start":{"line":27,"column":4},"end":{"line":27,"column":46}},"14":{"start":{"line":27,"column":39},"end":{"line":27,"column":46}},"15":{"start":{"line":28,"column":4},"end":{"line":37,"column":5}},"16":{"start":{"line":29,"column":6},"end":{"line":32,"column":7}},"17":{"start":{"line":29,"column":19},"end":{"line":29,"column":20}},"18":{"start":{"line":30,"column":8},"end":{"line":30,"column":40}},"19":{"start":{"line":34,"column":6},"end":{"line":36,"column":7}},"20":{"start":{"line":34,"column":19},"end":{"line":34,"column":20}},"21":{"start":{"line":35,"column":8},"end":{"line":35,"column":40}},"22":{"start":{"line":41,"column":4},"end":{"line":41,"column":42}},"23":{"start":{"line":45,"column":16},"end":{"line":45,"column":29}},"24":{"start":{"line":46,"column":12},"end":{"line":46,"column":25}},"25":{"start":{"line":47,"column":4},"end":{"line":64,"column":5}},"26":{"start":{"line":47,"column":17},"end":{"line":47,"column":18}},"27":{"start":{"line":48,"column":6},"end":{"line":63,"column":7}},"28":{"start":{"line":52,"column":8},"end":{"line":54,"column":9}},"29":{"start":{"line":52,"column":21},"end":{"line":52,"column":22}},"30":{"start":{"line":53,"column":10},"end":{"line":53,"column":51}},"31":{"start":{"line":56,"column":8},"end":{"line":62,"column":9}},"32":{"start":{"line":57,"column":18},"end":{"line":57,"column":19}},"33":{"start":{"line":61,"column":10},"end":{"line":61,"column":51}},"34":{"start":{"line":68,"column":4},"end":{"line":68,"column":63}},"35":{"start":{"line":68,"column":50},"end":{"line":68,"column":63}},"36":{"start":{"line":69,"column":4},"end":{"line":79,"column":5}},"37":{"start":{"line":70,"column":6},"end":{"line":70,"column":46}},"38":{"start":{"line":70,"column":33},"end":{"line":70,"column":46}},"39":{"start":{"line":71,"column":6},"end":{"line":73,"column":7}},"40":{"start":{"line":71,"column":19},"end":{"line":71,"column":20}},"41":{"start":{"line":72,"column":8},"end":{"line":72,"column":51}},"42":{"start":{"line":72,"column":38},"end":{"line":72,"column":51}},"43":{"start":{"line":74,"column":11},"end":{"line":79,"column":5}},"44":{"start":{"line":75,"column":6},"end":{"line":75,"column":46}},"45":{"start":{"line":75,"column":33},"end":{"line":75,"column":46}},"46":{"start":{"line":76,"column":6},"end":{"line":78,"column":7}},"47":{"start":{"line":76,"column":19},"end":{"line":76,"column":20}},"48":{"start":{"line":77,"column":8},"end":{"line":77,"column":51}},"49":{"start":{"line":77,"column":38},"end":{"line":77,"column":51}},"50":{"start":{"line":81,"column":4},"end":{"line":81,"column":16}},"51":{"start":{"line":85,"column":4},"end":{"line":91,"column":5}},"52":{"start":{"line":86,"column":6},"end":{"line":86,"column":13}},"53":{"start":{"line":87,"column":11},"end":{"line":91,"column":5}},"54":{"start":{"line":88,"column":6},"end":{"line":88,"column":36}},"55":{"start":{"line":90,"column":6},"end":{"line":90,"column":35}},"56":{"start":{"line":95,"column":4},"end":{"line":95,"column":59}},"57":{"start":{"line":95,"column":44},"end":{"line":95,"column":57}}},"fnMap":{"0":{"name":"(anonymous_0)","decl":{"start":{"line":2,"column":2},"end":{"line":2,"column":3}},"loc":{"start":{"line":2,"column":21},"end":{"line":8,"column":3}},"line":2},"1":{"name":"(anonymous_1)","decl":{"start":{"line":10,"column":2},"end":{"line":10,"column":3}},"loc":{"start":{"line":10,"column":18},"end":{"line":15,"column":3}},"line":10},"2":{"name":"(anonymous_2)","decl":{"start":{"line":17,"column":2},"end":{"line":17,"column":3}},"loc":{"start":{"line":17,"column":22},"end":{"line":24,"column":3}},"line":17},"3":{"name":"(anonymous_3)","decl":{"start":{"line":26,"column":2},"end":{"line":26,"column":3}},"loc":{"start":{"line":26,"column":28},"end":{"line":38,"column":3}},"line":26},"4":{"name":"(anonymous_4)","decl":{"start":{"line":40,"column":2},"end":{"line":40,"column":3}},"loc":{"start":{"line":40,"column":11},"end":{"line":42,"column":3}},"line":40},"5":{"name":"(anonymous_5)","decl":{"start":{"line":44,"column":2},"end":{"line":44,"column":3}},"loc":{"start":{"line":44,"column":22},"end":{"line":65,"column":3}},"line":44},"6":{"name":"(anonymous_6)","decl":{"start":{"line":67,"column":2},"end":{"line":67,"column":3}},"loc":{"start":{"line":67,"column":26},"end":{"line":82,"column":3}},"line":67},"7":{"name":"(anonymous_7)","decl":{"start":{"line":84,"column":2},"end":{"line":84,"column":3}},"loc":{"start":{"line":84,"column":26},"end":{"line":92,"column":3}},"line":84},"8":{"name":"(anonymous_8)","decl":{"start":{"line":94,"column":2},"end":{"line":94,"column":3}},"loc":{"start":{"line":94,"column":13},"end":{"line":96,"column":3}},"line":94},"9":{"name":"(anonymous_9)","decl":{"start":{"line":95,"column":34},"end":{"line":95,"column":35}},"loc":{"start":{"line":95,"column":44},"end":{"line":95,"column":57}},"line":95}},"branchMap":{"0":{"loc":{"start":{"line":18,"column":4},"end":{"line":23,"column":5}},"type":"if","locations":[{"start":{"line":18,"column":4},"end":{"line":23,"column":5}},{"start":{"line":20,"column":11},"end":{"line":23,"column":5}}],"line":18},"1":{"loc":{"start":{"line":27,"column":4},"end":{"line":27,"column":46}},"type":"if","locations":[{"start":{"line":27,"column":4},"end":{"line":27,"column":46}},{"start":{},"end":{}}],"line":27},"2":{"loc":{"start":{"line":28,"column":4},"end":{"line":37,"column":5}},"type":"if","locations":[{"start":{"line":28,"column":4},"end":{"line":37,"column":5}},{"start":{"line":33,"column":11},"end":{"line":37,"column":5}}],"line":28},"3":{"loc":{"start":{"line":48,"column":6},"end":{"line":63,"column":7}},"type":"if","locations":[{"start":{"line":48,"column":6},"end":{"line":63,"column":7}},{"start":{"line":55,"column":13},"end":{"line":63,"column":7}}],"line":48},"4":{"loc":{"start":{"line":49,"column":8},"end":{"line":50,"column":46}},"type":"binary-expr","locations":[{"start":{"line":49,"column":8},"end":{"line":49,"column":50}},{"start":{"line":50,"column":8},"end":{"line":50,"column":46}}],"line":49},"5":{"loc":{"start":{"line":59,"column":10},"end":{"line":59,"column":55}},"type":"binary-expr","locations":[{"start":{"line":59,"column":10},"end":{"line":59,"column":13}},{"start":{"line":59,"column":17},"end":{"line":59,"column":55}}],"line":59},"6":{"loc":{"start":{"line":68,"column":4},"end":{"line":68,"column":63}},"type":"if","locations":[{"start":{"line":68,"column":4},"end":{"line":68,"column":63}},{"start":{},"end":{}}],"line":68},"7":{"loc":{"start":{"line":68,"column":8},"end":{"line":68,"column":48}},"type":"binary-expr","locations":[{"start":{"line":68,"column":8},"end":{"line":68,"column":15}},{"start":{"line":68,"column":19},"end":{"line":68,"column":26}},{"start":{"line":68,"column":30},"end":{"line":68,"column":37}},{"start":{"line":68,"column":41},"end":{"line":68,"column":48}}],"line":68},"8":{"loc":{"start":{"line":69,"column":4},"end":{"line":79,"column":5}},"type":"if","locations":[{"start":{"line":69,"column":4},"end":{"line":79,"column":5}},{"start":{"line":74,"column":11},"end":{"line":79,"column":5}}],"line":69},"9":{"loc":{"start":{"line":70,"column":6},"end":{"line":70,"column":46}},"type":"if","locations":[{"start":{"line":70,"column":6},"end":{"line":70,"column":46}},{"start":{},"end":{}}],"line":70},"10":{"loc":{"start":{"line":72,"column":8},"end":{"line":72,"column":51}},"type":"if","locations":[{"start":{"line":72,"column":8},"end":{"line":72,"column":51}},{"start":{},"end":{}}],"line":72},"11":{"loc":{"start":{"line":74,"column":11},"end":{"line":79,"column":5}},"type":"if","locations":[{"start":{"line":74,"column":11},"end":{"line":79,"column":5}},{"start":{},"end":{}}],"line":74},"12":{"loc":{"start":{"line":75,"column":6},"end":{"line":75,"column":46}},"type":"if","locations":[{"start":{"line":75,"column":6},"end":{"line":75,"column":46}},{"start":{},"end":{}}],"line":75},"13":{"loc":{"start":{"line":77,"column":8},"end":{"line":77,"column":51}},"type":"if","locations":[{"start":{"line":77,"column":8},"end":{"line":77,"column":51}},{"start":{},"end":{}}],"line":77},"14":{"loc":{"start":{"line":85,"column":4},"end":{"line":91,"column":5}},"type":"if","locations":[{"start":{"line":85,"column":4},"end":{"line":91,"column":5}},{"start":{"line":87,"column":11},"end":{"line":91,"column":5}}],"line":85},"15":{"loc":{"start":{"line":85,"column":8},"end":{"line":85,"column":73}},"type":"binary-expr","locations":[{"start":{"line":85,"column":8},"end":{"line":85,"column":38}},{"start":{"line":85,"column":42},"end":{"line":85,"column":73}}],"line":85},"16":{"loc":{"start":{"line":87,"column":11},"end":{"line":91,"column":5}},"type":"if","locations":[{"start":{"line":87,"column":11},"end":{"line":91,"column":5}},{"start":{"line":89,"column":11},"end":{"line":91,"column":5}}],"line":87}},"s":{"0":7,"1":7,"2":7,"3":7,"4":7,"5":16,"6":16,"7":160,"8":16,"9":48,"10":31,"11":17,"12":17,"13":12,"14":4,"15":8,"16":4,"17":4,"18":8,"19":4,"20":4,"21":11,"22":4,"23":2,"24":2,"25":2,"26":2,"27":2,"28":1,"29":1,"30":5,"31":1,"32":1,"33":5,"34":18,"35":0,"36":18,"37":9,"38":3,"39":6,"40":6,"41":11,"42":2,"43":9,"44":8,"45":4,"46":4,"47":4,"48":11,"49":0,"50":9,"51":8,"52":1,"53":7,"54":3,"55":4,"56":2,"57":3},"f":{"0":7,"1":16,"2":48,"3":12,"4":4,"5":2,"6":18,"7":8,"8":2,"9":3},"b":{"0":[31,17],"1":[4,8],"2":[4,4],"3":[1,1],"4":[2,1],"5":[5,4],"6":[0,18],"7":[18,18,18,18],"8":[9,9],"9":[3,6],"10":[2,9],"11":[8,1],"12":[4,4],"13":[0,11],"14":[1,7],"15":[8,7],"16":[3,4]},"_coverageSchema":"1a1c01bbd47fc00a2c39e90264f33305004495a9","hash":"3823fe4f643535e6e091c836b05f20fdb1d1cb94"}
,"/home/stephen/Desktop/Odin Projects/Battleship/src/players.js": {"path":"/home/stephen/Desktop/Odin Projects/Battleship/src/players.js","statementMap":{"0":{"start":{"line":3,"column":4},"end":{"line":3,"column":21}},"1":{"start":{"line":7,"column":4},"end":{"line":7,"column":37}},"2":{"start":{"line":11,"column":4},"end":{"line":11,"column":42}},"3":{"start":{"line":15,"column":16},"end":{"line":15,"column":29}},"4":{"start":{"line":16,"column":12},"end":{"line":16,"column":25}},"5":{"start":{"line":17,"column":23},"end":{"line":17,"column":47}},"6":{"start":{"line":18,"column":4},"end":{"line":22,"column":5}},"7":{"start":{"line":19,"column":6},"end":{"line":19,"column":36}},"8":{"start":{"line":21,"column":6},"end":{"line":21,"column":39}}},"fnMap":{"0":{"name":"(anonymous_0)","decl":{"start":{"line":2,"column":2},"end":{"line":2,"column":3}},"loc":{"start":{"line":2,"column":20},"end":{"line":4,"column":3}},"line":2},"1":{"name":"(anonymous_1)","decl":{"start":{"line":6,"column":2},"end":{"line":6,"column":3}},"loc":{"start":{"line":6,"column":34},"end":{"line":8,"column":3}},"line":6},"2":{"name":"(anonymous_2)","decl":{"start":{"line":10,"column":2},"end":{"line":10,"column":3}},"loc":{"start":{"line":10,"column":11},"end":{"line":12,"column":3}},"line":10},"3":{"name":"(anonymous_3)","decl":{"start":{"line":14,"column":2},"end":{"line":14,"column":3}},"loc":{"start":{"line":14,"column":27},"end":{"line":23,"column":3}},"line":14}},"branchMap":{"0":{"loc":{"start":{"line":18,"column":4},"end":{"line":22,"column":5}},"type":"if","locations":[{"start":{"line":18,"column":4},"end":{"line":22,"column":5}},{"start":{"line":20,"column":11},"end":{"line":22,"column":5}}],"line":18},"1":{"loc":{"start":{"line":18,"column":8},"end":{"line":18,"column":53}},"type":"binary-expr","locations":[{"start":{"line":18,"column":8},"end":{"line":18,"column":28}},{"start":{"line":18,"column":32},"end":{"line":18,"column":53}}],"line":18}},"s":{"0":2,"1":2,"2":4,"3":2,"4":2,"5":2,"6":2,"7":0,"8":2},"f":{"0":2,"1":2,"2":4,"3":2},"b":{"0":[0,2],"1":[2,2]},"_coverageSchema":"1a1c01bbd47fc00a2c39e90264f33305004495a9","hash":"791946e79a5e2e8240e5fbd270647cf7f48a0db1"}
,"/home/stephen/Desktop/Odin Projects/Battleship/src/ships.js": {"path":"/home/stephen/Desktop/Odin Projects/Battleship/src/ships.js","statementMap":{"0":{"start":{"line":3,"column":4},"end":{"line":3,"column":21}},"1":{"start":{"line":4,"column":4},"end":{"line":4,"column":25}},"2":{"start":{"line":5,"column":4},"end":{"line":5,"column":36}},"3":{"start":{"line":6,"column":4},"end":{"line":6,"column":19}},"4":{"start":{"line":10,"column":4},"end":{"line":14,"column":5}},"5":{"start":{"line":11,"column":6},"end":{"line":11,"column":13}},"6":{"start":{"line":13,"column":6},"end":{"line":13,"column":28}},"7":{"start":{"line":18,"column":4},"end":{"line":18,"column":44}},"8":{"start":{"line":22,"column":4},"end":{"line":24,"column":42}}},"fnMap":{"0":{"name":"(anonymous_0)","decl":{"start":{"line":2,"column":2},"end":{"line":2,"column":3}},"loc":{"start":{"line":2,"column":28},"end":{"line":7,"column":3}},"line":2},"1":{"name":"(anonymous_1)","decl":{"start":{"line":9,"column":2},"end":{"line":9,"column":3}},"loc":{"start":{"line":9,"column":13},"end":{"line":15,"column":3}},"line":9},"2":{"name":"(anonymous_2)","decl":{"start":{"line":17,"column":2},"end":{"line":17,"column":3}},"loc":{"start":{"line":17,"column":11},"end":{"line":19,"column":3}},"line":17},"3":{"name":"(anonymous_3)","decl":{"start":{"line":21,"column":2},"end":{"line":21,"column":3}},"loc":{"start":{"line":21,"column":22},"end":{"line":25,"column":3}},"line":21}},"branchMap":{"0":{"loc":{"start":{"line":10,"column":4},"end":{"line":14,"column":5}},"type":"if","locations":[{"start":{"line":10,"column":4},"end":{"line":14,"column":5}},{"start":{"line":12,"column":11},"end":{"line":14,"column":5}}],"line":10},"1":{"loc":{"start":{"line":10,"column":8},"end":{"line":10,"column":70}},"type":"binary-expr","locations":[{"start":{"line":10,"column":8},"end":{"line":10,"column":33}},{"start":{"line":10,"column":37},"end":{"line":10,"column":46}},{"start":{"line":10,"column":50},"end":{"line":10,"column":70}}],"line":10},"2":{"loc":{"start":{"line":22,"column":11},"end":{"line":24,"column":41}},"type":"cond-expr","locations":[{"start":{"line":23,"column":9},"end":{"line":23,"column":38}},{"start":{"line":24,"column":9},"end":{"line":24,"column":40}}],"line":22}},"s":{"0":21,"1":21,"2":21,"3":21,"4":15,"5":3,"6":12,"7":6,"8":4},"f":{"0":21,"1":15,"2":6,"3":4},"b":{"0":[3,12],"1":[15,13,13],"2":[4,0]},"_coverageSchema":"1a1c01bbd47fc00a2c39e90264f33305004495a9","hash":"693d3f8bdaca21dc9b1d78b9dbca609fba0ab22a"}
}
