TN:
SF:src/gameboard.js
FN:2,(anonymous_0)
FN:10,(anonymous_1)
FN:17,(anonymous_2)
FN:25,(anonymous_3)
FN:33,(anonymous_4)
FN:48,(anonymous_5)
FN:52,(anonymous_6)
FN:60,(anonymous_7)
FN:89,(anonymous_8)
FN:106,(anonymous_9)
FN:116,(anonymous_10)
FN:117,(anonymous_11)
FNF:12
FNH:9
FNDA:7,(anonymous_0)
FNDA:17,(anonymous_1)
FNDA:41,(anonymous_2)
FNDA:53,(anonymous_3)
FNDA:16,(anonymous_4)
FNDA:0,(anonymous_5)
FNDA:0,(anonymous_6)
FNDA:0,(anonymous_7)
FNDA:17,(anonymous_8)
FNDA:8,(anonymous_9)
FNDA:2,(anonymous_10)
FNDA:3,(anonymous_11)
DA:3,7
DA:4,7
DA:5,7
DA:6,7
DA:7,7
DA:11,17
DA:12,170
DA:14,17
DA:18,41
DA:19,24
DA:21,17
DA:26,53
DA:27,36
DA:29,17
DA:34,16
DA:35,16
DA:36,11
DA:37,7
DA:38,18
DA:41,4
DA:42,11
DA:45,11
DA:49,0
DA:53,0
DA:55,0
DA:56,0
DA:61,0
DA:62,0
DA:64,0
DA:65,0
DA:66,0
DA:67,0
DA:68,0
DA:69,0
DA:73,0
DA:74,0
DA:76,0
DA:80,0
DA:81,0
DA:84,0
DA:85,0
DA:90,17
DA:91,17
DA:92,12
DA:93,9
DA:94,21
DA:96,5
DA:97,4
DA:98,4
DA:99,11
DA:103,12
DA:107,8
DA:108,1
DA:109,7
DA:110,3
DA:112,4
DA:117,3
LF:57
LH:38
BRDA:18,0,0,24
BRDA:18,0,1,17
BRDA:26,1,0,36
BRDA:26,1,1,17
BRDA:35,2,0,5
BRDA:35,2,1,11
BRDA:36,3,0,7
BRDA:36,3,1,4
BRDA:56,4,0,0
BRDA:56,4,1,0
BRDA:66,5,0,0
BRDA:66,5,1,0
BRDA:67,6,0,0
BRDA:67,6,1,0
BRDA:69,7,0,0
BRDA:69,7,1,0
BRDA:70,8,0,0
BRDA:70,8,1,0
BRDA:76,9,0,0
BRDA:76,9,1,0
BRDA:77,10,0,0
BRDA:77,10,1,0
BRDA:90,11,0,0
BRDA:90,11,1,17
BRDA:90,12,0,17
BRDA:90,12,1,17
BRDA:90,12,2,17
BRDA:90,12,3,17
BRDA:91,13,0,12
BRDA:91,13,1,5
BRDA:92,14,0,3
BRDA:92,14,1,9
BRDA:94,15,0,2
BRDA:94,15,1,19
BRDA:96,16,0,4
BRDA:96,16,1,1
BRDA:97,17,0,0
BRDA:97,17,1,4
BRDA:99,18,0,0
BRDA:99,18,1,11
BRDA:107,19,0,1
BRDA:107,19,1,7
BRDA:107,20,0,8
BRDA:107,20,1,7
BRDA:109,21,0,3
BRDA:109,21,1,4
BRF:46
BRH:29
end_of_record
TN:
SF:src/players.js
FN:2,(anonymous_0)
FN:6,(anonymous_1)
FN:10,(anonymous_2)
FN:14,(anonymous_3)
FNF:4
FNH:4
FNDA:2,(anonymous_0)
FNDA:2,(anonymous_1)
FNDA:4,(anonymous_2)
FNDA:2,(anonymous_3)
DA:3,2
DA:7,2
DA:11,4
DA:15,2
DA:16,2
DA:17,2
DA:18,2
DA:19,0
DA:21,2
LF:9
LH:8
BRDA:18,0,0,0
BRDA:18,0,1,2
BRDA:18,1,0,2
BRDA:18,1,1,2
BRF:4
BRH:3
end_of_record
TN:
SF:src/ships.js
FN:2,(anonymous_0)
FN:9,(anonymous_1)
FN:17,(anonymous_2)
FN:21,(anonymous_3)
FNF:4
FNH:4
FNDA:21,(anonymous_0)
FNDA:15,(anonymous_1)
FNDA:6,(anonymous_2)
FNDA:3,(anonymous_3)
DA:3,21
DA:4,21
DA:5,21
DA:6,21
DA:10,15
DA:11,3
DA:13,12
DA:18,6
DA:22,3
LF:9
LH:9
BRDA:10,0,0,3
BRDA:10,0,1,12
BRDA:10,1,0,15
BRDA:10,1,1,13
BRDA:10,1,2,13
BRDA:22,2,0,3
BRDA:22,2,1,0
BRF:7
BRH:6
end_of_record
