TN:
SF:src/gameboard.js
FN:2,(anonymous_0)
FN:8,(anonymous_1)
FN:15,(anonymous_2)
FN:23,(anonymous_3)
FN:27,(anonymous_4)
FN:32,(anonymous_5)
FNF:6
FNH:4
FNDA:2,(anonymous_0)
FNDA:4,(anonymous_1)
FNDA:10,(anonymous_2)
FNDA:1,(anonymous_3)
FNDA:0,(anonymous_4)
FNDA:0,(anonymous_5)
DA:3,2
DA:4,2
DA:5,2
DA:9,4
DA:10,40
DA:12,4
DA:16,10
DA:17,5
DA:19,5
DA:24,1
LF:10
LH:10
BRDA:16,0,0,5
BRDA:16,0,1,5
BRF:2
BRH:2
end_of_record
TN:
SF:src/players.js
FN:2,(anonymous_0)
FN:6,(anonymous_1)
FN:10,(anonymous_2)
FNF:3
FNH:1
FNDA:1,(anonymous_0)
FNDA:0,(anonymous_1)
FNDA:0,(anonymous_2)
DA:3,1
LF:1
LH:1
BRF:0
BRH:0
end_of_record
TN:
SF:src/ships.js
FN:2,(anonymous_0)
FN:9,(anonymous_1)
FN:17,(anonymous_2)
FN:21,(anonymous_3)
FNF:4
FNH:4
FNDA:9,(anonymous_0)
FNDA:9,(anonymous_1)
FNDA:3,(anonymous_2)
FNDA:1,(anonymous_3)
DA:3,9
DA:4,9
DA:5,9
DA:6,9
DA:10,9
DA:11,2
DA:13,7
DA:18,3
DA:22,1
LF:9
LH:9
BRDA:10,0,0,2
BRDA:10,0,1,7
BRDA:10,1,0,9
BRDA:10,1,1,8
BRDA:10,1,2,8
BRDA:22,2,0,1
BRDA:22,2,1,0
BRF:7
BRH:6
end_of_record
